2023-01-07 07:01:11,449 - WARNING - Sin checkout (None)
2023-01-07 07:01:11,449 - ERROR - AttributeError: Error calculando tiempo trabajado
   Checkin:     07:02 AM = 422
   Checkout:    None = None
2023-01-07 07:01:11,449 - WARNING - Sin checkin (None)
2023-01-07 07:01:11,449 - WARNING - Sin checkout (None)
2023-01-07 07:01:11,449 - ERROR - AttributeError: Error calculando tiempo trabajado
   Checkin:     None = None
   Checkout:    None = None
2023-01-07 07:01:11,450 - WARNING - Sin checkout (None)
2023-01-07 07:01:11,450 - ERROR - AttributeError: Error calculando tiempo trabajado
   Checkin:     07:04 AM = 424
   Checkout:    None = None
2023-01-07 07:01:11,450 - WARNING - Sin checkout (None)
2023-01-07 07:01:11,450 - ERROR - AttributeError: Error calculando tiempo trabajado
   Checkin:     07:08 AM = 428
   Checkout:    None = None
2023-01-07 07:01:11,450 - WARNING - Sin checkin (None)
2023-01-07 07:01:11,450 - WARNING - Sin checkout (None)
2023-01-07 07:01:11,450 - ERROR - AttributeError: Error calculando tiempo trabajado
   Checkin:     None = None
   Checkout:    None = None
2023-01-07 07:01:11,450 - WARNING - Sin checkout (None)
2023-01-07 07:01:11,450 - ERROR - AttributeError: Error calculando tiempo trabajado
   Checkin:     07:18 AM = 438
   Checkout:    None = None
2023-01-07 07:01:11,450 - WARNING - Sin checkout (None)
2023-01-07 07:01:11,450 - ERROR - AttributeError: Error calculando tiempo trabajado
   Checkin:     07:00 AM = 420
   Checkout:    None = None
2023-01-07 07:01:11,450 - WARNING - Sin checkin (None)
2023-01-07 07:01:11,450 - WARNING - Sin checkout (None)
2023-01-07 07:01:11,450 - ERROR - AttributeError: Error calculando tiempo trabajado
   Checkin:     None = None
   Checkout:    None = None
2023-01-07 07:01:11,450 - WARNING - Sin checkout (None)
2023-01-07 07:01:11,450 - ERROR - AttributeError: Error calculando tiempo trabajado
   Checkin:     07:00 AM = 420
   Checkout:    None = None
2023-01-07 07:01:11,450 - WARNING - Sin checkin (None)
2023-01-07 07:01:11,450 - WARNING - Sin checkout (None)
2023-01-07 07:01:11,450 - ERROR - AttributeError: Error calculando tiempo trabajado
   Checkin:     None = None
   Checkout:    None = None
2023-01-07 07:01:11,450 - WARNING - Sin checkin (None)
2023-01-07 07:01:11,450 - WARNING - Sin checkout (None)
2023-01-07 07:01:11,450 - ERROR - AttributeError: Error calculando tiempo trabajado
   Checkin:     None = None
   Checkout:    None = None
2023-01-07 07:01:11,450 - WARNING - Sin checkin (None)
2023-01-07 07:01:11,450 - WARNING - Sin checkout (None)
2023-01-07 07:01:11,450 - ERROR - AttributeError: Error calculando tiempo trabajado
   Checkin:     None = None
   Checkout:    None = None
2023-01-07 07:01:11,450 - WARNING - Sin checkin (None)
2023-01-07 07:01:11,450 - WARNING - Sin checkout (None)
2023-01-07 07:01:11,450 - ERROR - AttributeError: Error calculando tiempo trabajado
   Checkin:     None = None
   Checkout:    None = None
2023-01-07 07:01:11,450 - WARNING - Sin checkin (None)
2023-01-07 07:01:11,450 - WARNING - Sin checkout (None)
2023-01-07 07:01:11,450 - ERROR - AttributeError: Error calculando tiempo trabajado
   Checkin:     None = None
   Checkout:    None = None
2023-01-07 07:01:11,450 - WARNING - Sin checkin (None)
2023-01-07 07:01:11,450 - WARNING - Sin checkout (None)
2023-01-07 07:01:11,450 - ERROR - AttributeError: Error calculando tiempo trabajado
   Checkin:     None = None
   Checkout:    None = None
2023-01-07 07:01:11,450 - WARNING - Sin checkin (None)
2023-01-07 07:01:11,450 - WARNING - Sin checkout (None)
2023-01-07 07:01:11,450 - ERROR - AttributeError: Error calculando tiempo trabajado
   Checkin:     None = None
   Checkout:    None = None
2023-01-07 07:01:11,450 - WARNING - Sin checkin (None)
2023-01-07 07:01:11,450 - WARNING - Sin checkout (None)
2023-01-07 07:01:11,450 - ERROR - AttributeError: Error calculando tiempo trabajado
   Checkin:     None = None
   Checkout:    None = None
2023-01-07 07:01:11,450 - WARNING - Sin checkin (None)
2023-01-07 07:01:11,450 - WARNING - Sin checkout (None)
2023-01-07 07:01:11,450 - ERROR - AttributeError: Error calculando tiempo trabajado
   Checkin:     None = None
   Checkout:    None = None
2023-01-07 07:01:11,450 - WARNING - Sin checkin (None)
2023-01-07 07:01:11,450 - WARNING - Sin checkout (None)
2023-01-07 07:01:11,450 - ERROR - AttributeError: Error calculando tiempo trabajado
   Checkin:     None = None
   Checkout:    None = None
2023-01-07 07:01:11,450 - WARNING - Sin checkin (None)
2023-01-07 07:01:11,450 - WARNING - Sin checkout (None)
2023-01-07 07:01:11,450 - ERROR - AttributeError: Error calculando tiempo trabajado
   Checkin:     None = None
   Checkout:    None = None
2023-01-07 07:01:11,450 - WARNING - Sin checkout (None)
2023-01-07 07:01:11,450 - ERROR - AttributeError: Error calculando tiempo trabajado
   Checkin:     07:30 AM = 450
   Checkout:    None = None
2023-01-07 07:01:11,450 - WARNING - Sin checkin (None)
2023-01-07 07:01:11,451 - WARNING - Sin checkout (None)
2023-01-07 07:01:11,451 - ERROR - AttributeError: Error calculando tiempo trabajado
   Checkin:     None = None
   Checkout:    None = None
2023-01-07 07:01:11,451 - WARNING - Sin checkout (None)
2023-01-07 07:01:11,451 - ERROR - AttributeError: Error calculando tiempo trabajado
   Checkin:     9:00 PM = 1260
   Checkout:    None = None
2023-01-07 07:01:11,451 - WARNING - Sin checkin (None)
2023-01-07 07:01:11,451 - WARNING - Sin checkout (None)
2023-01-07 07:01:11,451 - ERROR - AttributeError: Error calculando tiempo trabajado
   Checkin:     None = None
   Checkout:    None = None
2023-01-07 07:01:11,451 - WARNING - Sin checkout (None)
2023-01-07 07:01:11,451 - ERROR - AttributeError: Error calculando tiempo trabajado
   Checkin:     07:32 AM = 452
   Checkout:    None = None
2023-01-07 07:01:11,451 - WARNING - Sin checkout (None)
2023-01-07 07:01:11,451 - ERROR - AttributeError: Error calculando tiempo trabajado
   Checkin:     8:52 PM = 1252
   Checkout:    None = None
2023-01-07 07:01:11,451 - WARNING - Sin checkout (None)
2023-01-07 07:01:11,451 - ERROR - AttributeError: Error calculando tiempo trabajado
   Checkin:     06:55 AM = 415
   Checkout:    None = None
2023-01-07 07:01:11,451 - WARNING - Sin checkout (None)
2023-01-07 07:01:11,451 - ERROR - AttributeError: Error calculando tiempo trabajado
   Checkin:     07:11 AM = 431
   Checkout:    None = None
2023-01-07 07:01:11,451 - WARNING - Sin checkout (None)
2023-01-07 07:01:11,451 - ERROR - AttributeError: Error calculando tiempo trabajado
   Checkin:     07:18 AM = 438
   Checkout:    None = None
2023-01-07 07:01:11,451 - WARNING - Sin checkout (None)
2023-01-07 07:01:11,451 - ERROR - AttributeError: Error calculando tiempo trabajado
   Checkin:     06:59 AM = 419
   Checkout:    None = None
2023-01-07 07:01:11,451 - WARNING - Sin checkout (None)
2023-01-07 07:01:11,451 - ERROR - AttributeError: Error calculando tiempo trabajado
   Checkin:     07:10 AM = 430
   Checkout:    None = None
2023-01-07 07:01:11,451 - WARNING - Sin checkout (None)
2023-01-07 07:01:11,451 - ERROR - AttributeError: Error calculando tiempo trabajado
   Checkin:     07:23 AM = 443
   Checkout:    None = None
2023-01-07 07:01:11,451 - WARNING - Sin checkout (None)
2023-01-07 07:01:11,451 - ERROR - AttributeError: Error calculando tiempo trabajado
   Checkin:     06:51 AM = 411
   Checkout:    None = None
2023-01-07 07:01:11,451 - WARNING - Sin checkout (None)
2023-01-07 07:01:11,451 - ERROR - AttributeError: Error calculando tiempo trabajado
   Checkin:     06:49 AM = 409
   Checkout:    None = None
2023-01-07 07:01:11,451 - WARNING - Sin checkout (None)
2023-01-07 07:01:11,451 - ERROR - AttributeError: Error calculando tiempo trabajado
   Checkin:     06:53 AM = 413
   Checkout:    None = None
2023-01-07 07:01:11,451 - WARNING - Sin checkout (None)
2023-01-07 07:01:11,451 - ERROR - AttributeError: Error calculando tiempo trabajado
   Checkin:     06:51 AM = 411
   Checkout:    None = None
2023-01-07 07:01:11,451 - WARNING - Sin checkout (None)
2023-01-07 07:01:11,451 - ERROR - AttributeError: Error calculando tiempo trabajado
   Checkin:     06:51 AM = 411
   Checkout:    None = None
2023-01-07 07:01:11,451 - WARNING - Sin checkin (None)
2023-01-07 07:01:11,451 - WARNING - Sin checkout (None)
2023-01-07 07:01:11,451 - ERROR - AttributeError: Error calculando tiempo trabajado
   Checkin:     None = None
   Checkout:    None = None
2023-01-07 07:01:11,451 - WARNING - Sin checkin (None)
2023-01-07 07:01:11,451 - WARNING - Sin checkout (None)
2023-01-07 07:01:11,451 - ERROR - AttributeError: Error calculando tiempo trabajado
   Checkin:     None = None
   Checkout:    None = None
2023-01-07 07:01:11,451 - WARNING - Sin checkin (None)
2023-01-07 07:01:11,451 - WARNING - Sin checkout (None)
2023-01-07 07:01:11,451 - ERROR - AttributeError: Error calculando tiempo trabajado
   Checkin:     None = None
   Checkout:    None = None
2023-01-07 07:01:11,451 - WARNING - Sin checkout (None)
2023-01-07 07:01:11,451 - ERROR - AttributeError: Error calculando tiempo trabajado
   Checkin:     8:59 PM = 1259
   Checkout:    None = None
2023-01-07 07:01:11,451 - WARNING - Sin checkin (None)
2023-01-07 07:01:11,451 - WARNING - Sin checkout (None)
2023-01-07 07:01:11,451 - ERROR - AttributeError: Error calculando tiempo trabajado
   Checkin:     None = None
   Checkout:    None = None
2023-01-07 07:01:11,451 - WARNING - Sin checkin (None)
2023-01-07 07:01:11,451 - WARNING - Sin checkout (None)
2023-01-07 07:01:11,452 - ERROR - AttributeError: Error calculando tiempo trabajado
   Checkin:     None = None
   Checkout:    None = None
2023-01-07 07:01:11,452 - WARNING - Sin checkin (None)
2023-01-07 07:01:11,452 - WARNING - Sin checkout (None)
2023-01-07 07:01:11,452 - ERROR - AttributeError: Error calculando tiempo trabajado
   Checkin:     None = None
   Checkout:    None = None
2023-01-07 07:01:11,452 - WARNING - Sin checkin (None)
2023-01-07 07:01:11,452 - WARNING - Sin checkout (None)
2023-01-07 07:01:11,452 - ERROR - AttributeError: Error calculando tiempo trabajado
   Checkin:     None = None
   Checkout:    None = None
2023-01-07 07:01:11,452 - WARNING - Sin checkin (None)
2023-01-07 07:01:11,452 - WARNING - Sin checkout (None)
2023-01-07 07:01:11,452 - ERROR - AttributeError: Error calculando tiempo trabajado
   Checkin:     None = None
   Checkout:    None = None
2023-01-07 07:01:11,452 - WARNING - Sin checkin (None)
2023-01-07 07:01:11,452 - WARNING - Sin checkout (None)
2023-01-07 07:01:11,452 - ERROR - AttributeError: Error calculando tiempo trabajado
   Checkin:     None = None
   Checkout:    None = None
2023-01-07 07:01:11,452 - WARNING - Sin checkin (None)
2023-01-07 07:01:11,452 - WARNING - Sin checkout (None)
2023-01-07 07:01:11,452 - ERROR - AttributeError: Error calculando tiempo trabajado
   Checkin:     None = None
   Checkout:    None = None
2023-01-07 07:01:11,452 - WARNING - Sin checkin (None)
2023-01-07 07:01:11,452 - WARNING - Sin checkout (None)
2023-01-07 07:01:11,452 - ERROR - AttributeError: Error calculando tiempo trabajado
   Checkin:     None = None
   Checkout:    None = None
2023-01-07 07:01:11,452 - WARNING - Sin checkin (None)
2023-01-07 07:01:11,452 - WARNING - Sin checkout (None)
2023-01-07 07:01:11,452 - ERROR - AttributeError: Error calculando tiempo trabajado
   Checkin:     None = None
   Checkout:    None = None
2023-01-07 07:01:11,452 - WARNING - Sin checkin (None)
2023-01-07 07:01:11,452 - WARNING - Sin checkout (None)
2023-01-07 07:01:11,452 - ERROR - AttributeError: Error calculando tiempo trabajado
   Checkin:     None = None
   Checkout:    None = None
2023-01-07 07:01:11,452 - WARNING - Sin checkin (None)
2023-01-07 07:01:11,452 - WARNING - Sin checkout (None)
2023-01-07 07:01:11,452 - ERROR - AttributeError: Error calculando tiempo trabajado
   Checkin:     None = None
   Checkout:    None = None
2023-01-07 07:01:11,452 - WARNING - Sin checkin (None)
2023-01-07 07:01:11,452 - WARNING - Sin checkout (None)
2023-01-07 07:01:11,452 - ERROR - AttributeError: Error calculando tiempo trabajado
   Checkin:     None = None
   Checkout:    None = None
2023-01-07 07:01:11,452 - WARNING - Sin checkout (None)
2023-01-07 07:01:11,452 - ERROR - AttributeError: Error calculando tiempo trabajado
   Checkin:     07:30 AM = 450
   Checkout:    None = None
2023-01-07 07:01:11,452 - WARNING - Sin checkout (None)
2023-01-07 07:01:11,452 - ERROR - AttributeError: Error calculando tiempo trabajado
   Checkin:     07:42 AM = 462
   Checkout:    None = None
2023-01-07 07:01:11,452 - WARNING - Sin checkout (None)
2023-01-07 07:01:11,452 - ERROR - AttributeError: Error calculando tiempo trabajado
   Checkin:     2:28 PM = 868
   Checkout:    None = None
2023-01-07 07:01:11,452 - WARNING - Sin checkin (None)
2023-01-07 07:01:11,452 - WARNING - Sin checkout (None)
2023-01-07 07:01:11,452 - ERROR - AttributeError: Error calculando tiempo trabajado
   Checkin:     None = None
   Checkout:    None = None
2023-01-07 07:01:11,452 - WARNING - Sin checkin (None)
2023-01-07 07:01:11,452 - WARNING - Sin checkout (None)
2023-01-07 07:01:11,452 - ERROR - AttributeError: Error calculando tiempo trabajado
   Checkin:     None = None
   Checkout:    None = None
2023-01-07 07:01:11,452 - WARNING - Sin checkout (None)
2023-01-07 07:01:11,452 - ERROR - AttributeError: Error calculando tiempo trabajado
   Checkin:     07:16 AM = 436
   Checkout:    None = None
2023-01-07 07:01:11,452 - WARNING - Sin checkout (None)
2023-01-07 07:01:11,452 - ERROR - AttributeError: Error calculando tiempo trabajado
   Checkin:     07:30 AM = 450
   Checkout:    None = None
2023-01-07 07:01:11,452 - WARNING - Sin checkin (None)
2023-01-07 07:01:11,452 - WARNING - Sin checkout (None)
2023-01-07 07:01:11,452 - ERROR - AttributeError: Error calculando tiempo trabajado
   Checkin:     None = None
   Checkout:    None = None
2023-01-07 07:01:11,452 - WARNING - Sin checkout (None)
2023-01-07 07:01:11,452 - ERROR - AttributeError: Error calculando tiempo trabajado
   Checkin:     2:37 PM = 877
   Checkout:    None = None
2023-01-07 07:01:11,453 - WARNING - Sin checkin (None)
2023-01-07 07:01:11,453 - WARNING - Sin checkout (None)
2023-01-07 07:01:11,453 - ERROR - AttributeError: Error calculando tiempo trabajado
   Checkin:     None = None
   Checkout:    None = None
2023-01-07 07:01:11,453 - WARNING - Sin checkout (None)
2023-01-07 07:01:11,453 - ERROR - AttributeError: Error calculando tiempo trabajado
   Checkin:     07:43 AM = 463
   Checkout:    None = None
2023-01-07 07:01:11,453 - WARNING - Sin checkin (None)
2023-01-07 07:01:11,453 - WARNING - Sin checkout (None)
2023-01-07 07:01:11,453 - ERROR - AttributeError: Error calculando tiempo trabajado
   Checkin:     None = None
   Checkout:    None = None
2023-01-07 07:01:11,453 - WARNING - Sin checkout (None)
2023-01-07 07:01:11,453 - ERROR - AttributeError: Error calculando tiempo trabajado
   Checkin:     07:34 AM = 454
   Checkout:    None = None
2023-01-07 07:01:11,453 - WARNING - Sin checkout (None)
2023-01-07 07:01:11,453 - ERROR - AttributeError: Error calculando tiempo trabajado
   Checkin:     06:44 AM = 404
   Checkout:    None = None
2023-01-07 07:01:11,453 - WARNING - Sin checkin (None)
2023-01-07 07:01:11,453 - WARNING - Sin checkout (None)
2023-01-07 07:01:11,453 - ERROR - AttributeError: Error calculando tiempo trabajado
   Checkin:     None = None
   Checkout:    None = None
2023-01-07 07:01:11,453 - WARNING - Sin checkin (None)
2023-01-07 07:01:11,453 - WARNING - Sin checkout (None)
2023-01-07 07:01:11,453 - ERROR - AttributeError: Error calculando tiempo trabajado
   Checkin:     None = None
   Checkout:    None = None
2023-01-07 07:01:11,453 - WARNING - Sin checkin (None)
2023-01-07 07:01:11,453 - WARNING - Sin checkout (None)
2023-01-07 07:01:11,453 - ERROR - AttributeError: Error calculando tiempo trabajado
   Checkin:     None = None
   Checkout:    None = None
2023-01-07 07:01:11,453 - WARNING - Sin checkin (None)
2023-01-07 07:01:11,453 - WARNING - Sin checkout (None)
2023-01-07 07:01:11,453 - ERROR - AttributeError: Error calculando tiempo trabajado
   Checkin:     None = None
   Checkout:    None = None
2023-01-07 07:01:11,453 - WARNING - Sin checkin (None)
2023-01-07 07:01:11,453 - WARNING - Sin checkout (None)
2023-01-07 07:01:11,453 - ERROR - AttributeError: Error calculando tiempo trabajado
   Checkin:     None = None
   Checkout:    None = None
2023-01-07 07:01:11,453 - WARNING - Sin checkin (None)
2023-01-07 07:01:11,453 - WARNING - Sin checkout (None)
2023-01-07 07:01:11,453 - ERROR - AttributeError: Error calculando tiempo trabajado
   Checkin:     None = None
   Checkout:    None = None
2023-01-07 07:01:11,453 - WARNING - Sin checkin (None)
2023-01-07 07:01:11,453 - WARNING - Sin checkout (None)
2023-01-07 07:01:11,453 - ERROR - AttributeError: Error calculando tiempo trabajado
   Checkin:     None = None
   Checkout:    None = None
2023-01-07 07:01:11,453 - WARNING - Sin checkin (None)
2023-01-07 07:01:11,453 - WARNING - Sin checkout (None)
2023-01-07 07:01:11,453 - ERROR - AttributeError: Error calculando tiempo trabajado
   Checkin:     None = None
   Checkout:    None = None
2023-01-07 07:01:11,453 - WARNING - Sin checkin (None)
2023-01-07 07:01:11,453 - WARNING - Sin checkout (None)
2023-01-07 07:01:11,453 - ERROR - AttributeError: Error calculando tiempo trabajado
   Checkin:     None = None
   Checkout:    None = None
2023-01-07 07:01:11,453 - WARNING - Sin checkin (None)
2023-01-07 07:01:11,453 - WARNING - Sin checkout (None)
2023-01-07 07:01:11,453 - ERROR - AttributeError: Error calculando tiempo trabajado
   Checkin:     None = None
   Checkout:    None = None
2023-01-07 07:01:11,453 - WARNING - Sin checkin (None)
2023-01-07 07:01:11,453 - WARNING - Sin checkout (None)
2023-01-07 07:01:11,453 - ERROR - AttributeError: Error calculando tiempo trabajado
   Checkin:     None = None
   Checkout:    None = None
2023-01-07 07:01:11,453 - WARNING - Sin checkin (None)
2023-01-07 07:01:11,453 - WARNING - Sin checkout (None)
2023-01-07 07:01:11,453 - ERROR - AttributeError: Error calculando tiempo trabajado
   Checkin:     None = None
   Checkout:    None = None
2023-01-07 07:01:11,453 - WARNING - Sin checkin (None)
2023-01-07 07:01:11,453 - WARNING - Sin checkout (None)
2023-01-07 07:01:11,453 - ERROR - AttributeError: Error calculando tiempo trabajado
   Checkin:     None = None
   Checkout:    None = None
2023-01-07 07:01:11,453 - WARNING - Sin checkin (None)
2023-01-07 07:01:11,454 - WARNING - Sin checkout (None)
2023-01-07 07:01:11,454 - ERROR - AttributeError: Error calculando tiempo trabajado
   Checkin:     None = None
   Checkout:    None = None
2023-01-07 07:01:11,454 - WARNING - Sin checkin (None)
2023-01-07 07:01:11,454 - WARNING - Sin checkout (None)
2023-01-07 07:01:11,454 - ERROR - AttributeError: Error calculando tiempo trabajado
   Checkin:     None = None
   Checkout:    None = None
2023-01-07 07:01:11,454 - WARNING - Sin checkin (None)
2023-01-07 07:01:11,454 - WARNING - Sin checkout (None)
2023-01-07 07:01:11,454 - ERROR - AttributeError: Error calculando tiempo trabajado
   Checkin:     None = None
   Checkout:    None = None
2023-01-07 07:01:11,454 - WARNING - Sin checkin (None)
2023-01-07 07:01:11,454 - WARNING - Sin checkout (None)
2023-01-07 07:01:11,454 - ERROR - AttributeError: Error calculando tiempo trabajado
   Checkin:     None = None
   Checkout:    None = None
2023-01-07 07:01:11,454 - WARNING - Sin checkin (None)
2023-01-07 07:01:11,454 - WARNING - Sin checkout (None)
2023-01-07 07:01:11,454 - ERROR - AttributeError: Error calculando tiempo trabajado
   Checkin:     None = None
   Checkout:    None = None
2023-01-07 07:01:11,454 - WARNING - Sin checkin (None)
2023-01-07 07:01:11,454 - WARNING - Sin checkout (None)
2023-01-07 07:01:11,454 - ERROR - AttributeError: Error calculando tiempo trabajado
   Checkin:     None = None
   Checkout:    None = None
2023-01-07 07:01:11,454 - WARNING - Sin checkin (None)
2023-01-07 07:01:11,454 - WARNING - Sin checkout (None)
2023-01-07 07:01:11,454 - ERROR - AttributeError: Error calculando tiempo trabajado
   Checkin:     None = None
   Checkout:    None = None
2023-01-07 07:01:11,454 - WARNING - Sin checkin (None)
2023-01-07 07:01:11,454 - WARNING - Sin checkout (None)
2023-01-07 07:01:11,454 - ERROR - AttributeError: Error calculando tiempo trabajado
   Checkin:     None = None
   Checkout:    None = None
2023-01-07 07:01:11,454 - WARNING - Sin checkin (None)
2023-01-07 07:01:11,454 - WARNING - Sin checkout (None)
2023-01-07 07:01:11,454 - ERROR - AttributeError: Error calculando tiempo trabajado
   Checkin:     None = None
   Checkout:    None = None
2023-01-07 07:01:11,454 - WARNING - Sin checkin (None)
2023-01-07 07:01:11,454 - WARNING - Sin checkout (None)
2023-01-07 07:01:11,454 - ERROR - AttributeError: Error calculando tiempo trabajado
   Checkin:     None = None
   Checkout:    None = None
2023-01-07 07:01:11,454 - WARNING - Sin checkin (None)
2023-01-07 07:01:11,454 - WARNING - Sin checkout (None)
2023-01-07 07:01:11,454 - ERROR - AttributeError: Error calculando tiempo trabajado
   Checkin:     None = None
   Checkout:    None = None
2023-01-07 07:01:11,454 - WARNING - Sin checkin (None)
2023-01-07 07:01:11,454 - WARNING - Sin checkout (None)
2023-01-07 07:01:11,454 - ERROR - AttributeError: Error calculando tiempo trabajado
   Checkin:     None = None
   Checkout:    None = None
2023-01-07 07:01:11,454 - WARNING - Sin checkin (None)
2023-01-07 07:01:11,454 - WARNING - Sin checkout (None)
2023-01-07 07:01:11,454 - ERROR - AttributeError: Error calculando tiempo trabajado
   Checkin:     None = None
   Checkout:    None = None
2023-01-07 07:01:11,454 - WARNING - Sin checkin (None)
2023-01-07 07:01:11,454 - WARNING - Sin checkout (None)
2023-01-07 07:01:11,454 - ERROR - AttributeError: Error calculando tiempo trabajado
   Checkin:     None = None
   Checkout:    None = None
2023-01-07 07:01:11,454 - WARNING - Sin checkin (None)
2023-01-07 07:01:11,454 - WARNING - Sin checkout (None)
2023-01-07 07:01:11,454 - ERROR - AttributeError: Error calculando tiempo trabajado
   Checkin:     None = None
   Checkout:    None = None
2023-01-07 07:01:11,454 - WARNING - Sin checkin (None)
2023-01-07 07:01:11,454 - WARNING - Sin checkout (None)
2023-01-07 07:01:11,454 - ERROR - AttributeError: Error calculando tiempo trabajado
   Checkin:     None = None
   Checkout:    None = None
2023-01-07 07:01:11,454 - WARNING - Sin checkin (None)
2023-01-07 07:01:11,454 - WARNING - Sin checkout (None)
2023-01-07 07:01:11,454 - ERROR - AttributeError: Error calculando tiempo trabajado
   Checkin:     None = None
   Checkout:    None = None
2023-01-07 07:01:11,454 - WARNING - Sin checkin (None)
2023-01-07 07:01:11,454 - WARNING - Sin checkout (None)
2023-01-07 07:01:11,454 - ERROR - AttributeError: Error calculando tiempo trabajado
   Checkin:     None = None
   Checkout:    None = None
2023-01-07 07:01:11,454 - WARNING - Sin checkin (None)
2023-01-07 07:01:11,454 - WARNING - Sin checkout (None)
2023-01-07 07:01:11,454 - ERROR - AttributeError: Error calculando tiempo trabajado
   Checkin:     None = None
   Checkout:    None = None
2023-01-07 07:01:11,455 - WARNING - Sin checkin (None)
2023-01-07 07:01:11,455 - WARNING - Sin checkout (None)
2023-01-07 07:01:11,455 - ERROR - AttributeError: Error calculando tiempo trabajado
   Checkin:     None = None
   Checkout:    None = None
2023-01-07 07:01:11,455 - WARNING - Sin checkin (None)
2023-01-07 07:01:11,455 - WARNING - Sin checkout (None)
2023-01-07 07:01:11,455 - ERROR - AttributeError: Error calculando tiempo trabajado
   Checkin:     None = None
   Checkout:    None = None
2023-01-07 07:01:11,455 - WARNING - Sin checkin (None)
2023-01-07 07:01:11,455 - WARNING - Sin checkout (None)
2023-01-07 07:01:11,455 - ERROR - AttributeError: Error calculando tiempo trabajado
   Checkin:     None = None
   Checkout:    None = None
2023-01-07 07:01:11,455 - WARNING - Sin checkin (None)
2023-01-07 07:01:11,455 - WARNING - Sin checkout (None)
2023-01-07 07:01:11,455 - ERROR - AttributeError: Error calculando tiempo trabajado
   Checkin:     None = None
   Checkout:    None = None
2023-01-07 07:01:11,455 - WARNING - Sin checkin (None)
2023-01-07 07:01:11,455 - WARNING - Sin checkout (None)
2023-01-07 07:01:11,455 - ERROR - AttributeError: Error calculando tiempo trabajado
   Checkin:     None = None
   Checkout:    None = None
2023-01-07 07:01:11,455 - WARNING - Sin checkin (None)
2023-01-07 07:01:11,455 - WARNING - Sin checkout (None)
2023-01-07 07:01:11,455 - ERROR - AttributeError: Error calculando tiempo trabajado
   Checkin:     None = None
   Checkout:    None = None
2023-01-07 07:01:11,455 - WARNING - Sin checkin (None)
2023-01-07 07:01:11,455 - WARNING - Sin checkout (None)
2023-01-07 07:01:11,455 - ERROR - AttributeError: Error calculando tiempo trabajado
   Checkin:     None = None
   Checkout:    None = None
2023-01-07 07:01:11,455 - WARNING - Sin checkin (None)
2023-01-07 07:01:11,455 - WARNING - Sin checkout (None)
2023-01-07 07:01:11,455 - ERROR - AttributeError: Error calculando tiempo trabajado
   Checkin:     None = None
   Checkout:    None = None
2023-01-07 07:01:11,455 - WARNING - Sin checkin (None)
2023-01-07 07:01:11,455 - WARNING - Sin checkout (None)
2023-01-07 07:01:11,455 - ERROR - AttributeError: Error calculando tiempo trabajado
   Checkin:     None = None
   Checkout:    None = None
2023-01-07 07:01:11,455 - WARNING - Sin checkin (None)
2023-01-07 07:01:11,455 - WARNING - Sin checkout (None)
2023-01-07 07:01:11,455 - ERROR - AttributeError: Error calculando tiempo trabajado
   Checkin:     None = None
   Checkout:    None = None
2023-01-07 07:01:11,455 - WARNING - Sin checkin (None)
2023-01-07 07:01:11,455 - WARNING - Sin checkout (None)
2023-01-07 07:01:11,455 - ERROR - AttributeError: Error calculando tiempo trabajado
   Checkin:     None = None
   Checkout:    None = None
2023-01-07 07:01:11,455 - WARNING - Sin checkin (None)
2023-01-07 07:01:11,455 - WARNING - Sin checkout (None)
2023-01-07 07:01:11,455 - ERROR - AttributeError: Error calculando tiempo trabajado
   Checkin:     None = None
   Checkout:    None = None
2023-01-07 07:01:11,455 - WARNING - Sin checkout (None)
2023-01-07 07:01:11,455 - ERROR - AttributeError: Error calculando tiempo trabajado
   Checkin:     10:03 AM = 603
   Checkout:    None = None
2023-01-07 07:01:11,455 - WARNING - Sin checkout (None)
2023-01-07 07:01:11,455 - ERROR - AttributeError: Error calculando tiempo trabajado
   Checkin:     3:10 PM = 910
   Checkout:    None = None
2023-01-07 07:01:11,455 - WARNING - Sin checkout (None)
2023-01-07 07:01:11,455 - ERROR - AttributeError: Error calculando tiempo trabajado
   Checkin:     06:49 AM = 409
   Checkout:    None = None
2023-01-07 07:01:11,455 - WARNING - Sin checkin (None)
2023-01-07 07:01:11,455 - WARNING - Sin checkout (None)
2023-01-07 07:01:11,455 - ERROR - AttributeError: Error calculando tiempo trabajado
   Checkin:     None = None
   Checkout:    None = None
2023-01-07 07:01:11,455 - WARNING - Sin checkin (None)
2023-01-07 07:01:11,455 - WARNING - Sin checkout (None)
2023-01-07 07:01:11,455 - ERROR - AttributeError: Error calculando tiempo trabajado
   Checkin:     None = None
   Checkout:    None = None
2023-01-07 07:01:11,455 - WARNING - Sin checkin (None)
2023-01-07 07:01:11,455 - WARNING - Sin checkout (None)
2023-01-07 07:01:11,455 - ERROR - AttributeError: Error calculando tiempo trabajado
   Checkin:     None = None
   Checkout:    None = None
2023-01-07 07:01:11,455 - WARNING - Sin checkin (None)
2023-01-07 07:01:11,455 - WARNING - Sin checkout (None)
2023-01-07 07:01:11,456 - ERROR - AttributeError: Error calculando tiempo trabajado
   Checkin:     None = None
   Checkout:    None = None
2023-01-07 07:01:11,456 - WARNING - Sin checkin (None)
2023-01-07 07:01:11,456 - WARNING - Sin checkout (None)
2023-01-07 07:01:11,456 - ERROR - AttributeError: Error calculando tiempo trabajado
   Checkin:     None = None
   Checkout:    None = None
2023-01-07 07:01:11,456 - WARNING - Sin checkin (None)
2023-01-07 07:01:11,456 - WARNING - Sin checkout (None)
2023-01-07 07:01:11,456 - ERROR - AttributeError: Error calculando tiempo trabajado
   Checkin:     None = None
   Checkout:    None = None
2023-01-07 07:01:11,456 - WARNING - Sin checkout (None)
2023-01-07 07:01:11,456 - ERROR - AttributeError: Error calculando tiempo trabajado
   Checkin:     3:37 PM = 937
   Checkout:    None = None
2023-01-07 07:01:11,456 - WARNING - Sin checkin (None)
2023-01-07 07:01:11,456 - WARNING - Sin checkout (None)
2023-01-07 07:01:11,456 - ERROR - AttributeError: Error calculando tiempo trabajado
   Checkin:     None = None
   Checkout:    None = None
2023-01-07 07:01:11,456 - WARNING - Sin checkout (None)
2023-01-07 07:01:11,456 - ERROR - AttributeError: Error calculando tiempo trabajado
   Checkin:     1:30 PM = 810
   Checkout:    None = None
2023-01-07 07:01:11,456 - WARNING - Sin checkout (None)
2023-01-07 07:01:11,456 - ERROR - AttributeError: Error calculando tiempo trabajado
   Checkin:     9:25 PM = 1285
   Checkout:    None = None
2023-01-07 07:01:11,456 - WARNING - Sin checkout (None)
2023-01-07 07:01:11,456 - ERROR - AttributeError: Error calculando tiempo trabajado
   Checkin:     2:00 PM = 840
   Checkout:    None = None
2023-01-07 07:01:11,456 - WARNING - Sin checkout (None)
2023-01-07 07:01:11,456 - ERROR - AttributeError: Error calculando tiempo trabajado
   Checkin:     08:19 AM = 499
   Checkout:    None = None
2023-01-07 07:01:11,456 - WARNING - Sin checkin (None)
2023-01-07 07:01:11,456 - WARNING - Sin checkout (None)
2023-01-07 07:01:11,456 - ERROR - AttributeError: Error calculando tiempo trabajado
   Checkin:     None = None
   Checkout:    None = None
2023-01-07 07:01:11,456 - WARNING - Sin checkin (None)
2023-01-07 07:01:11,456 - WARNING - Sin checkout (None)
2023-01-07 07:01:11,456 - ERROR - AttributeError: Error calculando tiempo trabajado
   Checkin:     None = None
   Checkout:    None = None
2023-01-07 07:01:11,456 - WARNING - Sin checkin (None)
2023-01-07 07:01:11,456 - WARNING - Sin checkout (None)
2023-01-07 07:01:11,456 - ERROR - AttributeError: Error calculando tiempo trabajado
   Checkin:     None = None
   Checkout:    None = None
